app/build/intermediates/manifest_merge_blame_file/debug/manifest-merger-blame-debug-report.txt
1<?xml version="1.0" encoding="utf-8"?>
2<manifest xmlns:android="http://schemas.android.com/apk/res/android"
3    package="com.wallscanner.pro"
4    android:versionCode="1"
5    android:versionName="1.0" >
6
7    <uses-sdk
8        android:minSdkVersion="26"
9        android:targetSdkVersion="33" />
10
11    <uses-permission android:name="android.permission.CAMERA" />
11-->src\main\AndroidManifest.xml:5:5-65
11-->src\main\AndroidManifest.xml:5:22-62
12    <uses-permission
12-->src\main\AndroidManifest.xml:6:5-7:38
13        android:name="android.permission.WRITE_EXTERNAL_STORAGE"
13-->src\main\AndroidManifest.xml:6:22-78
14        android:maxSdkVersion="28" />
14-->src\main\AndroidManifest.xml:7:9-35
15    <uses-permission
15-->src\main\AndroidManifest.xml:8:5-9:38
16        android:name="android.permission.READ_EXTERNAL_STORAGE"
16-->src\main\AndroidManifest.xml:8:22-77
17        android:maxSdkVersion="32" />
17-->src\main\AndroidManifest.xml:9:9-35
18    <uses-permission android:name="android.permission.INTERNET" />
18-->src\main\AndroidManifest.xml:10:5-67
18-->src\main\AndroidManifest.xml:10:22-64
19
20    <uses-feature
20-->src\main\AndroidManifest.xml:12:5-87
21        android:name="android.hardware.camera.ar"
21-->src\main\AndroidManifest.xml:12:19-60
22        android:required="true" />
22-->src\main\AndroidManifest.xml:12:61-84
23    <uses-feature
23-->src\main\AndroidManifest.xml:13:5-84
24        android:name="android.hardware.camera"
24-->src\main\AndroidManifest.xml:13:19-57
25        android:required="true" />
25-->src\main\AndroidManifest.xml:13:58-81
26    <uses-feature
26-->src\main\AndroidManifest.xml:14:5-78
27        android:glEsVersion="0x00030000"
27-->src\main\AndroidManifest.xml:14:19-51
28        android:required="true" />
28-->src\main\AndroidManifest.xml:14:52-75
29
30    <uses-permission android:name="android.permission.RECORD_AUDIO" /> <!-- For remote config -->
30-->[io.github.sceneview:arsceneview:0.10.0] AndroidManifest.xml:9:5-71
30-->[io.github.sceneview:arsceneview:0.10.0] AndroidManifest.xml:9:22-68
31    <uses-permission android:name="android.permission.ACCESS_NETWORK_STATE" />
31-->[com.google.mlkit:object-detection:17.0.1] AndroidManifest.xml:7:5-79
31-->[com.google.mlkit:object-detection:17.0.1] AndroidManifest.xml:7:22-76
32
33    <permission
33-->[androidx.core:core:1.10.1] AndroidManifest.xml:22:5-24:47
34        android:name="com.wallscanner.pro.DYNAMIC_RECEIVER_NOT_EXPORTED_PERMISSION"
34-->[androidx.core:core:1.10.1] AndroidManifest.xml:23:9-81
35        android:protectionLevel="signature" />
35-->[androidx.core:core:1.10.1] AndroidManifest.xml:24:9-44
36
37    <uses-permission android:name="com.wallscanner.pro.DYNAMIC_RECEIVER_NOT_EXPORTED_PERMISSION" />
37-->[androidx.core:core:1.10.1] AndroidManifest.xml:26:5-97
37-->[androidx.core:core:1.10.1] AndroidManifest.xml:26:22-94
38
39    <queries>
39-->[com.google.ar:core:1.40.0] AndroidManifest.xml:20:5-22:15
40        <package android:name="com.google.ar.core" />
40-->[com.google.ar:core:1.40.0] AndroidManifest.xml:21:9-54
40-->[com.google.ar:core:1.40.0] AndroidManifest.xml:21:18-51
41    </queries>
42
43    <application
43-->src\main\AndroidManifest.xml:16:5-44:19
44        android:allowBackup="true"
44-->src\main\AndroidManifest.xml:17:9-35
45        android:appComponentFactory="androidx.core.app.CoreComponentFactory"
45-->[androidx.core:core:1.10.1] AndroidManifest.xml:28:18-86
46        android:debuggable="true"
47        android:extractNativeLibs="false"
48        android:hardwareAccelerated="true"
48-->src\main\AndroidManifest.xml:21:9-43
49        android:icon="@mipmap/ic_launcher"
49-->src\main\AndroidManifest.xml:18:9-43
50        android:label="@string/app_name"
50-->src\main\AndroidManifest.xml:19:9-41
51        android:testOnly="true"
52        android:theme="@style/AppTheme" >
52-->src\main\AndroidManifest.xml:20:9-40
53        <meta-data
53-->src\main\AndroidManifest.xml:24:9-27:45
54            android:name="com.google.ar.core"
54-->src\main\AndroidManifest.xml:25:13-46
55            android:value="required" />
55-->src\main\AndroidManifest.xml:26:13-37
56
57        <activity
57-->src\main\AndroidManifest.xml:29:9-38:20
58            android:name="com.wallscanner.pro.ui.MainActivity"
58-->src\main\AndroidManifest.xml:30:13-44
59            android:configChanges="orientation|screenSize"
59-->src\main\AndroidManifest.xml:33:13-59
60            android:exported="true"
60-->src\main\AndroidManifest.xml:31:13-36
61            android:screenOrientation="portrait" >
61-->src\main\AndroidManifest.xml:32:13-49
62            <intent-filter>
62-->src\main\AndroidManifest.xml:34:13-37:29
63                <action android:name="android.intent.action.MAIN" />
63-->src\main\AndroidManifest.xml:35:17-69
63-->src\main\AndroidManifest.xml:35:25-66
64
65                <category android:name="android.intent.category.LAUNCHER" />
65-->src\main\AndroidManifest.xml:36:17-77
65-->src\main\AndroidManifest.xml:36:27-74
66            </intent-filter>
67        </activity>
68        <activity
68-->src\main\AndroidManifest.xml:40:9-43:52
69            android:name="com.wallscanner.pro.ui.ModelViewerActivity"
69-->src\main\AndroidManifest.xml:41:13-51
70            android:exported="false"
70-->src\main\AndroidManifest.xml:42:13-37
71            android:screenOrientation="portrait" />
71-->src\main\AndroidManifest.xml:43:13-49
72
73        <service
73-->[com.google.mlkit:object-detection:17.0.1] AndroidManifest.xml:11:9-17:19
74            android:name="com.google.mlkit.common.internal.MlKitComponentDiscoveryService"
74-->[com.google.mlkit:object-detection:17.0.1] AndroidManifest.xml:12:13-91
75            android:directBootAware="true"
75-->[com.google.mlkit:common:18.10.0] AndroidManifest.xml:17:13-43
76            android:exported="false" >
76-->[com.google.mlkit:object-detection:17.0.1] AndroidManifest.xml:13:13-37
77            <meta-data
77-->[com.google.mlkit:object-detection:17.0.1] AndroidManifest.xml:14:13-16:85
78                android:name="com.google.firebase.components:com.google.mlkit.vision.objects.defaults.internal.DefaultObjectsRegistrar"
78-->[com.google.mlkit:object-detection:17.0.1] AndroidManifest.xml:15:17-136
79                android:value="com.google.firebase.components.ComponentRegistrar" />
79-->[com.google.mlkit:object-detection:17.0.1] AndroidManifest.xml:16:17-82
80            <meta-data
80-->[com.google.mlkit:image-labeling:17.0.7] AndroidManifest.xml:11:13-13:85
81                android:name="com.google.firebase.components:com.google.mlkit.vision.label.defaults.internal.BundledLabelRegistrar"
81-->[com.google.mlkit:image-labeling:17.0.7] AndroidManifest.xml:12:17-132
82                android:value="com.google.firebase.components.ComponentRegistrar" />
82-->[com.google.mlkit:image-labeling:17.0.7] AndroidManifest.xml:13:17-82
83            <meta-data
83-->[com.google.mlkit:vision-internal-vkp:18.2.2] AndroidManifest.xml:14:13-16:85
84                android:name="com.google.firebase.components:com.google.mlkit.vision.vkp.VkpRegistrar"
84-->[com.google.mlkit:vision-internal-vkp:18.2.2] AndroidManifest.xml:15:17-103
85                android:value="com.google.firebase.components.ComponentRegistrar" />
85-->[com.google.mlkit:vision-internal-vkp:18.2.2] AndroidManifest.xml:16:17-82
86            <meta-data
86-->[com.google.mlkit:vision-common:17.3.0] AndroidManifest.xml:12:13-14:85
87                android:name="com.google.firebase.components:com.google.mlkit.vision.common.internal.VisionCommonRegistrar"
87-->[com.google.mlkit:vision-common:17.3.0] AndroidManifest.xml:13:17-124
88                android:value="com.google.firebase.components.ComponentRegistrar" />
88-->[com.google.mlkit:vision-common:17.3.0] AndroidManifest.xml:14:17-82
89            <meta-data
89-->[com.google.mlkit:common:18.10.0] AndroidManifest.xml:20:13-22:85
90                android:name="com.google.firebase.components:com.google.mlkit.common.internal.CommonComponentRegistrar"
90-->[com.google.mlkit:common:18.10.0] AndroidManifest.xml:21:17-120
91                android:value="com.google.firebase.components.ComponentRegistrar" />
91-->[com.google.mlkit:common:18.10.0] AndroidManifest.xml:22:17-82
92        </service>
93
94        <provider
94-->[com.google.mlkit:common:18.10.0] AndroidManifest.xml:9:9-13:38
95            android:name="com.google.mlkit.common.internal.MlKitInitProvider"
95-->[com.google.mlkit:common:18.10.0] AndroidManifest.xml:10:13-78
96            android:authorities="com.wallscanner.pro.mlkitinitprovider"
96-->[com.google.mlkit:common:18.10.0] AndroidManifest.xml:11:13-69
97            android:exported="false"
97-->[com.google.mlkit:common:18.10.0] AndroidManifest.xml:12:13-37
98            android:initOrder="99" />
98-->[com.google.mlkit:common:18.10.0] AndroidManifest.xml:13:13-35
99
100        <activity
100-->[com.google.android.gms:play-services-base:18.1.0] AndroidManifest.xml:20:9-22:45
101            android:name="com.google.android.gms.common.api.GoogleApiActivity"
101-->[com.google.android.gms:play-services-base:18.1.0] AndroidManifest.xml:20:19-85
102            android:exported="false"
102-->[com.google.android.gms:play-services-base:18.1.0] AndroidManifest.xml:22:19-43
103            android:theme="@android:style/Theme.Translucent.NoTitleBar" />
103-->[com.google.android.gms:play-services-base:18.1.0] AndroidManifest.xml:21:19-78
104
105        <meta-data
105-->[com.google.android.gms:play-services-basement:18.1.0] AndroidManifest.xml:21:9-23:69
106            android:name="com.google.android.gms.version"
106-->[com.google.android.gms:play-services-basement:18.1.0] AndroidManifest.xml:22:13-58
107            android:value="@integer/google_play_services_version" />
107-->[com.google.android.gms:play-services-basement:18.1.0] AndroidManifest.xml:23:13-66
108
109        <service
109-->[androidx.camera:camera-camera2:1.2.3] AndroidManifest.xml:24:9-33:19
110            android:name="androidx.camera.core.impl.MetadataHolderService"
110-->[androidx.camera:camera-camera2:1.2.3] AndroidManifest.xml:25:13-75
111            android:enabled="false"
111-->[androidx.camera:camera-camera2:1.2.3] AndroidManifest.xml:26:13-36
112            android:exported="false" >
112-->[androidx.camera:camera-camera2:1.2.3] AndroidManifest.xml:27:13-37
113            <meta-data
113-->[androidx.camera:camera-camera2:1.2.3] AndroidManifest.xml:30:13-32:89
114                android:name="androidx.camera.core.impl.MetadataHolderService.DEFAULT_CONFIG_PROVIDER"
114-->[androidx.camera:camera-camera2:1.2.3] AndroidManifest.xml:31:17-103
115                android:value="androidx.camera.camera2.Camera2Config$DefaultProvider" />
115-->[androidx.camera:camera-camera2:1.2.3] AndroidManifest.xml:32:17-86
116        </service>
117
118        <provider
118-->[androidx.emoji2:emoji2:1.2.0] AndroidManifest.xml:24:9-32:20
119            android:name="androidx.startup.InitializationProvider"
119-->[androidx.emoji2:emoji2:1.2.0] AndroidManifest.xml:25:13-67
120            android:authorities="com.wallscanner.pro.androidx-startup"
120-->[androidx.emoji2:emoji2:1.2.0] AndroidManifest.xml:26:13-68
121            android:exported="false" >
121-->[androidx.emoji2:emoji2:1.2.0] AndroidManifest.xml:27:13-37
122            <meta-data
122-->[androidx.emoji2:emoji2:1.2.0] AndroidManifest.xml:29:13-31:52
123                android:name="androidx.emoji2.text.EmojiCompatInitializer"
123-->[androidx.emoji2:emoji2:1.2.0] AndroidManifest.xml:30:17-75
124                android:value="androidx.startup" />
124-->[androidx.emoji2:emoji2:1.2.0] AndroidManifest.xml:31:17-49
125            <meta-data
125-->[androidx.lifecycle:lifecycle-process:2.6.2] AndroidManifest.xml:29:13-31:52
126                android:name="androidx.lifecycle.ProcessLifecycleInitializer"
126-->[androidx.lifecycle:lifecycle-process:2.6.2] AndroidManifest.xml:30:17-78
127                android:value="androidx.startup" />
127-->[androidx.lifecycle:lifecycle-process:2.6.2] AndroidManifest.xml:31:17-49
128            <meta-data
128-->[androidx.profileinstaller:profileinstaller:1.3.0] AndroidManifest.xml:29:13-31:52
129                android:name="androidx.profileinstaller.ProfileInstallerInitializer"
129-->[androidx.profileinstaller:profileinstaller:1.3.0] AndroidManifest.xml:30:17-85
130                android:value="androidx.startup" />
130-->[androidx.profileinstaller:profileinstaller:1.3.0] AndroidManifest.xml:31:17-49
131        </provider> <!-- The minimal version code of ARCore APK required for an app using this SDK. -->
132        <meta-data
132-->[com.google.ar:core:1.40.0] AndroidManifest.xml:27:9-29:41
133            android:name="com.google.ar.core.min_apk_version"
133-->[com.google.ar:core:1.40.0] AndroidManifest.xml:28:13-62
134            android:value="232050000" /> <!-- This activity is critical for installing ARCore when it is not already present. -->
134-->[com.google.ar:core:1.40.0] AndroidManifest.xml:29:13-38
135        <activity
135-->[com.google.ar:core:1.40.0] AndroidManifest.xml:31:9-37:80
136            android:name="com.google.ar.core.InstallActivity"
136-->[com.google.ar:core:1.40.0] AndroidManifest.xml:32:13-62
137            android:configChanges="keyboardHidden|orientation|screenSize"
137-->[com.google.ar:core:1.40.0] AndroidManifest.xml:33:13-74
138            android:excludeFromRecents="true"
138-->[com.google.ar:core:1.40.0] AndroidManifest.xml:34:13-46
139            android:exported="false"
139-->[com.google.ar:core:1.40.0] AndroidManifest.xml:35:13-37
140            android:launchMode="singleTop"
140-->[com.google.ar:core:1.40.0] AndroidManifest.xml:36:13-43
141            android:theme="@android:style/Theme.Material.Light.Dialog.Alert" />
141-->[com.google.ar:core:1.40.0] AndroidManifest.xml:37:13-77
142
143        <service
143-->[com.google.android.datatransport:transport-backend-cct:2.3.3] AndroidManifest.xml:29:9-35:19
144            android:name="com.google.android.datatransport.runtime.backends.TransportBackendDiscovery"
144-->[com.google.android.datatransport:transport-backend-cct:2.3.3] AndroidManifest.xml:30:13-103
145            android:exported="false" >
145-->[com.google.android.datatransport:transport-backend-cct:2.3.3] AndroidManifest.xml:31:13-37
146            <meta-data
146-->[com.google.android.datatransport:transport-backend-cct:2.3.3] AndroidManifest.xml:32:13-34:39
147                android:name="backend:com.google.android.datatransport.cct.CctBackendFactory"
147-->[com.google.android.datatransport:transport-backend-cct:2.3.3] AndroidManifest.xml:33:17-94
148                android:value="cct" />
148-->[com.google.android.datatransport:transport-backend-cct:2.3.3] AndroidManifest.xml:34:17-36
149        </service>
150        <service
150-->[com.google.android.datatransport:transport-runtime:2.2.6] AndroidManifest.xml:26:9-30:19
151            android:name="com.google.android.datatransport.runtime.scheduling.jobscheduling.JobInfoSchedulerService"
151-->[com.google.android.datatransport:transport-runtime:2.2.6] AndroidManifest.xml:27:13-117
152            android:exported="false"
152-->[com.google.android.datatransport:transport-runtime:2.2.6] AndroidManifest.xml:28:13-37
153            android:permission="android.permission.BIND_JOB_SERVICE" >
153-->[com.google.android.datatransport:transport-runtime:2.2.6] AndroidManifest.xml:29:13-69
154        </service>
155
156        <receiver
156-->[com.google.android.datatransport:transport-runtime:2.2.6] AndroidManifest.xml:32:9-34:40
157            android:name="com.google.android.datatransport.runtime.scheduling.jobscheduling.AlarmManagerSchedulerBroadcastReceiver"
157-->[com.google.android.datatransport:transport-runtime:2.2.6] AndroidManifest.xml:33:13-132
158            android:exported="false" />
158-->[com.google.android.datatransport:transport-runtime:2.2.6] AndroidManifest.xml:34:13-37
159        <receiver
159-->[androidx.profileinstaller:profileinstaller:1.3.0] AndroidManifest.xml:34:9-52:20
160            android:name="androidx.profileinstaller.ProfileInstallReceiver"
160-->[androidx.profileinstaller:profileinstaller:1.3.0] AndroidManifest.xml:35:13-76
161            android:directBootAware="false"
161-->[androidx.profileinstaller:profileinstaller:1.3.0] AndroidManifest.xml:36:13-44
162            android:enabled="true"
162-->[androidx.profileinstaller:profileinstaller:1.3.0] AndroidManifest.xml:37:13-35
163            android:exported="true"
163-->[androidx.profileinstaller:profileinstaller:1.3.0] AndroidManifest.xml:38:13-36
164            android:permission="android.permission.DUMP" >
164-->[androidx.profileinstaller:profileinstaller:1.3.0] AndroidManifest.xml:39:13-57
165            <intent-filter>
165-->[androidx.profileinstaller:profileinstaller:1.3.0] AndroidManifest.xml:40:13-42:29
166                <action android:name="androidx.profileinstaller.action.INSTALL_PROFILE" />
166-->[androidx.profileinstaller:profileinstaller:1.3.0] AndroidManifest.xml:41:17-91
166-->[androidx.profileinstaller:profileinstaller:1.3.0] AndroidManifest.xml:41:25-88
167            </intent-filter>
168            <intent-filter>
168-->[androidx.profileinstaller:profileinstaller:1.3.0] AndroidManifest.xml:43:13-45:29
169                <action android:name="androidx.profileinstaller.action.SKIP_FILE" />
169-->[androidx.profileinstaller:profileinstaller:1.3.0] AndroidManifest.xml:44:17-85
169-->[androidx.profileinstaller:profileinstaller:1.3.0] AndroidManifest.xml:44:25-82
170            </intent-filter>
171            <intent-filter>
171-->[androidx.profileinstaller:profileinstaller:1.3.0] AndroidManifest.xml:46:13-48:29
172                <action android:name="androidx.profileinstaller.action.SAVE_PROFILE" />
172-->[androidx.profileinstaller:profileinstaller:1.3.0] AndroidManifest.xml:47:17-88
172-->[androidx.profileinstaller:profileinstaller:1.3.0] AndroidManifest.xml:47:25-85
173            </intent-filter>
174            <intent-filter>
174-->[androidx.profileinstaller:profileinstaller:1.3.0] AndroidManifest.xml:49:13-51:29
175                <action android:name="androidx.profileinstaller.action.BENCHMARK_OPERATION" />
175-->[androidx.profileinstaller:profileinstaller:1.3.0] AndroidManifest.xml:50:17-95
175-->[androidx.profileinstaller:profileinstaller:1.3.0] AndroidManifest.xml:50:25-92
176            </intent-filter>
177        </receiver>
178    </application>
179
180</manifest>